<?xml version="1.0" encoding="utf-8" standalone="no"?>
<test-run id="0" name="QA_UI_Selenium_dotNET.dll" fullname="C:\testing\QA_UI_Selenium_dotNET\QA_UI_Selenium_dotNET\bin\Debug\net6.0\QA_UI_Selenium_dotNET.dll" runstate="Runnable" testcasecount="4" result="Failed" total="4" passed="3" failed="1" warnings="0" inconclusive="0" skipped="0" asserts="8" engine-version="3.13.2.0" clr-version="6.0.10" start-time="2023-04-25 14:24:24Z" end-time="2023-04-25 14:24:39Z" duration="15.221029">
  <command-line><![CDATA[C:\testing\QA_UI_Selenium_dotNET\QA_UI_Selenium_dotNET\bin\Debug\net6.0\testhost.dll --port 59641 --endpoint 127.0.0.1:059641 --role client --parentprocessid 21812 --telemetryoptedin true]]></command-line>
  <filter>
    <or>
      <test>QA_UI_Selenium_dotNET.Test.Pages.CatalogTests.MainElementsAreDisplayed</test>
      <test>QA_UI_Selenium_dotNET.Test.Pages.LoginTests.LockedOutUserCannotLoginSuccessfully</test>
      <test>QA_UI_Selenium_dotNET.Test.Pages.LoginTests.PerformanceGlitchUserCanLoginSuccessfully</test>
      <test>QA_UI_Selenium_dotNET.Test.Pages.LoginTests.StandardUserCanLoginSuccessfully</test>
    </or>
  </filter>
  <test-suite type="Assembly" id="0-1006" name="QA_UI_Selenium_dotNET.dll" fullname="C:/testing/QA_UI_Selenium_dotNET/QA_UI_Selenium_dotNET/bin/Debug/net6.0/QA_UI_Selenium_dotNET.dll" runstate="Runnable" testcasecount="4" result="Failed" site="Child" start-time="2023-04-25T14:24:24.3065219Z" end-time="2023-04-25T14:24:39.5129701Z" duration="15.206417" total="4" passed="3" failed="1" warnings="0" inconclusive="0" skipped="0" asserts="8">
    <environment framework-version="3.13.3.0" clr-version="6.0.10" os-version="Microsoft Windows 10.0.19045" platform="Win32NT" cwd="C:\testing\QA_UI_Selenium_dotNET\QA_UI_Selenium_dotNET\bin\Debug\net6.0" machine-name="DESKTOP-GKE7BFD" user="Pedro.Cienfuegos" user-domain="INT" culture="en-US" uiculture="en-US" os-architecture="x64" />
    <settings>
      <setting name="SynchronousEvents" value="False" />
      <setting name="RandomSeed" value="133965113" />
      <setting name="SkipNonTestAssemblies" value="True" />
      <setting name="ProcessModel" value="InProcess" />
      <setting name="DomainUsage" value="Single" />
      <setting name="DefaultTestNamePattern" value="{m}{a}" />
      <setting name="WorkDirectory" value="C:\testing\QA_UI_Selenium_dotNET\QA_UI_Selenium_dotNET\bin\Debug\net6.0" />
      <setting name="NumberOfTestWorkers" value="12" />
    </settings>
    <properties>
      <property name="_PID" value="22240" />
      <property name="_APPDOMAIN" value="testhost" />
    </properties>
    <failure>
      <message><![CDATA[One or more child tests had errors]]></message>
    </failure>
    <test-suite type="TestSuite" id="0-1007" name="QA_UI_Selenium_dotNET" fullname="QA_UI_Selenium_dotNET" runstate="Runnable" testcasecount="4" result="Failed" site="Child" start-time="2023-04-25T14:24:24.3120888Z" end-time="2023-04-25T14:24:39.5129651Z" duration="15.200876" total="4" passed="3" failed="1" warnings="0" inconclusive="0" skipped="0" asserts="8">
      <failure>
        <message><![CDATA[One or more child tests had errors]]></message>
      </failure>
      <test-suite type="TestSuite" id="0-1008" name="Test" fullname="QA_UI_Selenium_dotNET.Test" runstate="Runnable" testcasecount="4" result="Failed" site="Child" start-time="2023-04-25T14:24:24.3123995Z" end-time="2023-04-25T14:24:39.5129609Z" duration="15.200561" total="4" passed="3" failed="1" warnings="0" inconclusive="0" skipped="0" asserts="8">
        <failure>
          <message><![CDATA[One or more child tests had errors]]></message>
        </failure>
        <test-suite type="TestSuite" id="0-1009" name="Pages" fullname="QA_UI_Selenium_dotNET.Test.Pages" runstate="Runnable" testcasecount="4" result="Failed" site="Child" start-time="2023-04-25T14:24:24.3124166Z" end-time="2023-04-25T14:24:39.5129504Z" duration="15.200534" total="4" passed="3" failed="1" warnings="0" inconclusive="0" skipped="0" asserts="8">
          <failure>
            <message><![CDATA[One or more child tests had errors]]></message>
          </failure>
          <test-suite type="TestFixture" id="0-1000" name="CatalogTests" fullname="QA_UI_Selenium_dotNET.Test.Pages.CatalogTests" classname="QA_UI_Selenium_dotNET.Test.Pages.CatalogTests" runstate="Runnable" testcasecount="1" result="Failed" site="Child" start-time="2023-04-25T14:24:24.3133819Z" end-time="2023-04-25T14:24:29.0580507Z" duration="4.744669" total="1" passed="0" failed="1" warnings="0" inconclusive="0" skipped="0" asserts="5">
            <failure>
              <message><![CDATA[One or more child tests had errors]]></message>
            </failure>
            <test-case id="0-1001" name="MainElementsAreDisplayed" fullname="QA_UI_Selenium_dotNET.Test.Pages.CatalogTests.MainElementsAreDisplayed" methodname="MainElementsAreDisplayed" classname="QA_UI_Selenium_dotNET.Test.Pages.CatalogTests" runstate="Runnable" seed="1589257092" result="Failed" start-time="2023-04-25T14:24:24.3326790Z" end-time="2023-04-25T14:24:26.1732513Z" duration="1.840649" asserts="5">
              <failure>
                <message><![CDATA[  Expected: True
  But was:  False
]]></message>
                <stack-trace><![CDATA[   at QA_UI_Selenium_dotNET.Test.Pages.CatalogTests.MainElementsAreDisplayed() in C:\testing\QA_UI_Selenium_dotNET\QA_UI_Selenium_dotNET\Test\Pages\Catalog.cs:line 43
]]></stack-trace>
              </failure>
              <assertions>
                <assertion result="Failed">
                  <message><![CDATA[  Expected: True
  But was:  False
]]></message>
                  <stack-trace><![CDATA[   at QA_UI_Selenium_dotNET.Test.Pages.CatalogTests.MainElementsAreDisplayed() in C:\testing\QA_UI_Selenium_dotNET\QA_UI_Selenium_dotNET\Test\Pages\Catalog.cs:line 43
]]></stack-trace>
                </assertion>
              </assertions>
            </test-case>
          </test-suite>
          <test-suite type="TestFixture" id="0-1002" name="LoginTests" fullname="QA_UI_Selenium_dotNET.Test.Pages.LoginTests" classname="QA_UI_Selenium_dotNET.Test.Pages.LoginTests" runstate="Runnable" testcasecount="3" result="Passed" start-time="2023-04-25T14:24:29.0603423Z" end-time="2023-04-25T14:24:39.5128749Z" duration="10.452533" total="3" passed="3" failed="0" warnings="0" inconclusive="0" skipped="0" asserts="3">
            <test-case id="0-1004" name="LockedOutUserCannotLoginSuccessfully" fullname="QA_UI_Selenium_dotNET.Test.Pages.LoginTests.LockedOutUserCannotLoginSuccessfully" methodname="LockedOutUserCannotLoginSuccessfully" classname="QA_UI_Selenium_dotNET.Test.Pages.LoginTests" runstate="Runnable" seed="1352841918" result="Passed" start-time="2023-04-25T14:24:29.0606128Z" end-time="2023-04-25T14:24:30.8527050Z" duration="1.792092" asserts="1" />
            <test-case id="0-1005" name="PerformanceGlitchUserCanLoginSuccessfully" fullname="QA_UI_Selenium_dotNET.Test.Pages.LoginTests.PerformanceGlitchUserCanLoginSuccessfully" methodname="PerformanceGlitchUserCanLoginSuccessfully" classname="QA_UI_Selenium_dotNET.Test.Pages.LoginTests" runstate="Runnable" seed="621406384" result="Passed" start-time="2023-04-25T14:24:30.8527424Z" end-time="2023-04-25T14:24:37.7039650Z" duration="6.851223" asserts="1" />
            <test-case id="0-1003" name="StandardUserCanLoginSuccessfully" fullname="QA_UI_Selenium_dotNET.Test.Pages.LoginTests.StandardUserCanLoginSuccessfully" methodname="StandardUserCanLoginSuccessfully" classname="QA_UI_Selenium_dotNET.Test.Pages.LoginTests" runstate="Runnable" seed="1785328064" result="Passed" start-time="2023-04-25T14:24:37.7039916Z" end-time="2023-04-25T14:24:39.5101098Z" duration="1.806119" asserts="1" />
          </test-suite>
        </test-suite>
      </test-suite>
    </test-suite>
  </test-suite>
</test-run>